Performing C++ SOURCE FILE Test HAVE_CXX_FLAG_WSHORTEN_64_TO_32 failed with the following output:
Change Dir: /Users/yuhong/CLionProjects/PFP_LZ77-master/cmake-build-debug-system/CMakeFiles/CMakeTmp

Run Build Command(s):/usr/bin/make -f Makefile cmTC_b2b7d/fast && /Applications/Xcode.app/Contents/Developer/usr/bin/make  -f CMakeFiles/cmTC_b2b7d.dir/build.make CMakeFiles/cmTC_b2b7d.dir/build
Building CXX object CMakeFiles/cmTC_b2b7d.dir/src.cxx.o
/opt/homebrew/bin/g++ -DHAVE_CXX_FLAG_WSHORTEN_64_TO_32  -std=c++11  -Wall  -Wextra  -Wshadow  -Wsuggest-override  -pedantic  -pedantic-errors  -Wshorten-64-to-32 -arch arm64 -isysroot /Applications/Xcode.app/Contents/Developer/Platforms/MacOSX.platform/Developer/SDKs/MacOSX12.1.sdk   -Wshorten-64-to-32 -o CMakeFiles/cmTC_b2b7d.dir/src.cxx.o -c /Users/yuhong/CLionProjects/PFP_LZ77-master/cmake-build-debug-system/CMakeFiles/CMakeTmp/src.cxx
g++: error: unrecognized command-line option '-Wshorten-64-to-32'
g++: error: unrecognized command-line option '-Wshorten-64-to-32'
make[1]: *** [CMakeFiles/cmTC_b2b7d.dir/src.cxx.o] Error 1
make: *** [cmTC_b2b7d/fast] Error 2


Source file was:
int main() { return 0; }
Performing C++ SOURCE FILE Test HAVE_CXX_FLAG_WD654 failed with the following output:
Change Dir: /Users/yuhong/CLionProjects/PFP_LZ77-master/cmake-build-debug-system/CMakeFiles/CMakeTmp

Run Build Command(s):/usr/bin/make -f Makefile cmTC_42f58/fast && /Applications/Xcode.app/Contents/Developer/usr/bin/make  -f CMakeFiles/cmTC_42f58.dir/build.make CMakeFiles/cmTC_42f58.dir/build
Building CXX object CMakeFiles/cmTC_42f58.dir/src.cxx.o
/opt/homebrew/bin/g++ -DHAVE_CXX_FLAG_WD654  -std=c++11  -Wall  -Wextra  -Wshadow  -Wsuggest-override  -pedantic  -pedantic-errors  -fstrict-aliasing  -Wno-deprecated-declarations  -Wstrict-aliasing  -wd654 -arch arm64 -isysroot /Applications/Xcode.app/Contents/Developer/Platforms/MacOSX.platform/Developer/SDKs/MacOSX12.1.sdk   -wd654 -o CMakeFiles/cmTC_42f58.dir/src.cxx.o -c /Users/yuhong/CLionProjects/PFP_LZ77-master/cmake-build-debug-system/CMakeFiles/CMakeTmp/src.cxx
g++: error: unrecognized command-line option '-wd654'
g++: error: unrecognized command-line option '-wd654'
make[1]: *** [CMakeFiles/cmTC_42f58.dir/src.cxx.o] Error 1
make: *** [cmTC_42f58/fast] Error 2


Source file was:
int main() { return 0; }
Performing C++ SOURCE FILE Test HAVE_CXX_FLAG_WTHREAD_SAFETY failed with the following output:
Change Dir: /Users/yuhong/CLionProjects/PFP_LZ77-master/cmake-build-debug-system/CMakeFiles/CMakeTmp

Run Build Command(s):/usr/bin/make -f Makefile cmTC_6662e/fast && /Applications/Xcode.app/Contents/Developer/usr/bin/make  -f CMakeFiles/cmTC_6662e.dir/build.make CMakeFiles/cmTC_6662e.dir/build
Building CXX object CMakeFiles/cmTC_6662e.dir/src.cxx.o
/opt/homebrew/bin/g++ -DHAVE_CXX_FLAG_WTHREAD_SAFETY  -std=c++11  -Wall  -Wextra  -Wshadow  -Wsuggest-override  -pedantic  -pedantic-errors  -fstrict-aliasing  -Wno-deprecated-declarations  -Wstrict-aliasing  -Wthread-safety -arch arm64 -isysroot /Applications/Xcode.app/Contents/Developer/Platforms/MacOSX.platform/Developer/SDKs/MacOSX12.1.sdk   -Wthread-safety -o CMakeFiles/cmTC_6662e.dir/src.cxx.o -c /Users/yuhong/CLionProjects/PFP_LZ77-master/cmake-build-debug-system/CMakeFiles/CMakeTmp/src.cxx
g++: error: unrecognized command-line option '-Wthread-safety'
g++: error: unrecognized command-line option '-Wthread-safety'
make[1]: *** [CMakeFiles/cmTC_6662e.dir/src.cxx.o] Error 1
make: *** [cmTC_6662e/fast] Error 2


Source file was:
int main() { return 0; }
Performing C SOURCE FILE Test HAVE___DECLSPEC_DLLEXPORT_ failed with the following output:
Change Dir: /Users/yuhong/CLionProjects/PFP_LZ77-master/cmake-build-debug-system/CMakeFiles/CMakeTmp

Run Build Command(s):/usr/bin/make -f Makefile cmTC_6f354/fast && /Applications/Xcode.app/Contents/Developer/usr/bin/make  -f CMakeFiles/cmTC_6f354.dir/build.make CMakeFiles/cmTC_6f354.dir/build
Building C object CMakeFiles/cmTC_6f354.dir/src.c.o
/opt/homebrew/bin/gcc -DHAVE___DECLSPEC_DLLEXPORT_  -Wall  -arch arm64 -isysroot /Applications/Xcode.app/Contents/Developer/Platforms/MacOSX.platform/Developer/SDKs/MacOSX12.1.sdk -o CMakeFiles/cmTC_6f354.dir/src.c.o -c /Users/yuhong/CLionProjects/PFP_LZ77-master/cmake-build-debug-system/CMakeFiles/CMakeTmp/src.c
/Users/yuhong/CLionProjects/PFP_LZ77-master/cmake-build-debug-system/CMakeFiles/CMakeTmp/src.c:1:1: warning: return type defaults to 'int' [-Wimplicit-int]
    1 | __declspec(dllexport) void func(); void func() { } int main() { func(); return 0; }
      | ^~~~~~~~~~
/Users/yuhong/CLionProjects/PFP_LZ77-master/cmake-build-debug-system/CMakeFiles/CMakeTmp/src.c: In function '__declspec':
/Users/yuhong/CLionProjects/PFP_LZ77-master/cmake-build-debug-system/CMakeFiles/CMakeTmp/src.c:1:48: error: expected '=', ',', ';', 'asm' or '__attribute__' before '{' token
    1 | __declspec(dllexport) void func(); void func() { } int main() { func(); return 0; }
      |                                                ^
/Users/yuhong/CLionProjects/PFP_LZ77-master/cmake-build-debug-system/CMakeFiles/CMakeTmp/src.c:1:63: error: expected '=', ',', ';', 'asm' or '__attribute__' before '{' token
    1 | __declspec(dllexport) void func(); void func() { } int main() { func(); return 0; }
      |                                                               ^
/Users/yuhong/CLionProjects/PFP_LZ77-master/cmake-build-debug-system/CMakeFiles/CMakeTmp/src.c:1:1: warning: type of 'dllexport' defaults to 'int' [-Wimplicit-int]
    1 | __declspec(dllexport) void func(); void func() { } int main() { func(); return 0; }
      | ^~~~~~~~~~
/Users/yuhong/CLionProjects/PFP_LZ77-master/cmake-build-debug-system/CMakeFiles/CMakeTmp/src.c:1:28: error: declaration for parameter 'func' but no such parameter
    1 | __declspec(dllexport) void func(); void func() { } int main() { func(); return 0; }
      |                            ^~~~
/Users/yuhong/CLionProjects/PFP_LZ77-master/cmake-build-debug-system/CMakeFiles/CMakeTmp/src.c:2: error: expected '{' at end of input
/Users/yuhong/CLionProjects/PFP_LZ77-master/cmake-build-debug-system/CMakeFiles/CMakeTmp/src.c:2: warning: control reaches end of non-void function [-Wreturn-type]
make[1]: *** [CMakeFiles/cmTC_6f354.dir/src.c.o] Error 1
make: *** [cmTC_6f354/fast] Error 2


Source file was:
__declspec(dllexport) void func(); void func() { } int main() { func(); return 0; }
Performing C SOURCE FILE Test HAVE___DECLSPEC_DLLIMPORT_ failed with the following output:
Change Dir: /Users/yuhong/CLionProjects/PFP_LZ77-master/cmake-build-debug-system/CMakeFiles/CMakeTmp

Run Build Command(s):/usr/bin/make -f Makefile cmTC_7572d/fast && /Applications/Xcode.app/Contents/Developer/usr/bin/make  -f CMakeFiles/cmTC_7572d.dir/build.make CMakeFiles/cmTC_7572d.dir/build
Building C object CMakeFiles/cmTC_7572d.dir/src.c.o
/opt/homebrew/bin/gcc -DHAVE___DECLSPEC_DLLIMPORT_  -Wall  -arch arm64 -isysroot /Applications/Xcode.app/Contents/Developer/Platforms/MacOSX.platform/Developer/SDKs/MacOSX12.1.sdk -o CMakeFiles/cmTC_7572d.dir/src.c.o -c /Users/yuhong/CLionProjects/PFP_LZ77-master/cmake-build-debug-system/CMakeFiles/CMakeTmp/src.c
/Users/yuhong/CLionProjects/PFP_LZ77-master/cmake-build-debug-system/CMakeFiles/CMakeTmp/src.c:1:1: warning: return type defaults to 'int' [-Wimplicit-int]
    1 | __declspec(dllimport) void func(); void func() { } int main() { func(); return 0; }
      | ^~~~~~~~~~
/Users/yuhong/CLionProjects/PFP_LZ77-master/cmake-build-debug-system/CMakeFiles/CMakeTmp/src.c: In function '__declspec':
/Users/yuhong/CLionProjects/PFP_LZ77-master/cmake-build-debug-system/CMakeFiles/CMakeTmp/src.c:1:48: error: expected '=', ',', ';', 'asm' or '__attribute__' before '{' token
    1 | __declspec(dllimport) void func(); void func() { } int main() { func(); return 0; }
      |                                                ^
/Users/yuhong/CLionProjects/PFP_LZ77-master/cmake-build-debug-system/CMakeFiles/CMakeTmp/src.c:1:63: error: expected '=', ',', ';', 'asm' or '__attribute__' before '{' token
    1 | __declspec(dllimport) void func(); void func() { } int main() { func(); return 0; }
      |                                                               ^
/Users/yuhong/CLionProjects/PFP_LZ77-master/cmake-build-debug-system/CMakeFiles/CMakeTmp/src.c:1:1: warning: type of 'dllimport' defaults to 'int' [-Wimplicit-int]
    1 | __declspec(dllimport) void func(); void func() { } int main() { func(); return 0; }
      | ^~~~~~~~~~
/Users/yuhong/CLionProjects/PFP_LZ77-master/cmake-build-debug-system/CMakeFiles/CMakeTmp/src.c:1:28: error: declaration for parameter 'func' but no such parameter
    1 | __declspec(dllimport) void func(); void func() { } int main() { func(); return 0; }
      |                            ^~~~
/Users/yuhong/CLionProjects/PFP_LZ77-master/cmake-build-debug-system/CMakeFiles/CMakeTmp/src.c:2: error: expected '{' at end of input
/Users/yuhong/CLionProjects/PFP_LZ77-master/cmake-build-debug-system/CMakeFiles/CMakeTmp/src.c:2: warning: control reaches end of non-void function [-Wreturn-type]
make[1]: *** [CMakeFiles/cmTC_7572d.dir/src.c.o] Error 1
make: *** [cmTC_7572d/fast] Error 2


Source file was:
__declspec(dllimport) void func(); void func() { } int main() { func(); return 0; }
